Admin accessed dashboard
Admin accessed dashboard
App Started
Admin accessed dashboard
Post request sent to add department route
Post request sent to add department route
Post request sent to add department route
Post request sent to add department route
Post request sent to add department route
App Started
App Started
Post request sent to add department route
Post request sent to add department route
App Started
Post request sent to add department route
App Started
Post request sent to add department route
{'name': 'apple', 'description': 'dfdf', 'email': 'apple@g.com'}
App Started
Post request sent to add department route
{'name': 'apple', 'description': 'dfdf', 'email': 'apple@g.com'}
Post request sent to add department route
{'name': 'apple', 'description': 'dfdf', 'email': 'apple@g.com'}
Post request sent to add department route
{'name': 'apple', 'description': 'dfdf', 'email': 'apple@g.com'}
App Started
Post request sent to add department route
{'name': 'apple', 'description': 'dfdf', 'email': 'apple@g.com'}
Admin accessed dashboard
Admin accessed dashboard
Post request sent to add department route
{'name': 'apple', 'description': 'dfdf', 'email': 'apple@g.com'}
Post request sent to add department route
{'name': 'apple', 'description': 'dfdf', 'email': 'apple@g.com'}
App Started
Post request sent to add department route
{'name': 'apple', 'description': 'dfdf', 'email': 'apple@g.com'}
Admin accessed dashboard
Post request sent to add department route
{'name': 'apple', 'description': 'dfdf', 'email': 'apple@g.com'}
App Started
App Started
Post request sent to add department route
{'name': 'apple', 'description': 'dfdf', 'email': 'apple@g.com'}
Post request sent to add department route
{'name': 'apple', 'description': 'dfdf', 'email': 'apple@g.com'}
Post request sent to add department route
{'name': 'apple', 'description': 'dfdf', 'email': 'apple@g.com'}
Post request sent to add department route
{'name': 'apple', 'description': 'dfdf', 'email': 'apple@g.com'}
Post request sent to add department route
{'name': 'apple', 'description': 'dfdf', 'email': 'apple@g.com'}
Post request sent to add department route
{'name': 'apple', 'description': 'dfdf', 'email': 'apple@g.com'}
Post request sent to add department route
{'name': 'apple', 'description': 'dfdf', 'email': 'apple@g.com'}
Post request sent to add department route
{'name': 'apple', 'description': 'dfdf', 'email': 'apple@g.com'}
Post request sent to add department route
{'name': 'apple', 'description': 'dfdf', 'email': 'apple@g.com'}
Post request sent to add department route
{'name': 'apple', 'description': 'dfdf', 'email': 'apple@g.com'}
Post request sent to add department route
{'name': 'apple', 'description': 'dfdf', 'email': 'apple@g.com'}
Post request sent to add department route
{'name': 'banana', 'description': 'dfdf', 'email': 'banana@g.com'}
Admin accessed dashboard
Admin accessed dashboard
Admin accessed dashboard
Admin accessed dashboard
Post request sent to add department route
{'name': 'guava', 'description': 'sour', 'email': 'guava@g.com'}
Admin accessed dashboard
